Base path: /Applications/Unity/Unity.app/Contents
Cmd: initializeCompiler
Cmd: compileComputeKernel
  api=15 insize=1386 outsize=5109 ok=1
Cmd: compileComputeKernel
  api=14 insize=3182 outsize=7729 ok=1
Cmd: translateComputeKernel
  api=14 insize=7729 outsize=5301 ok=1
Cmd: translateComputeKernel
  api=14 insize=6909 outsize=3577 ok=1
Cmd: translateComputeKernel
  api=14 insize=6429 outsize=1561 ok=1
Cmd: compileComputeKernel
  api=14 insize=1484 outsize=7289 ok=1
Cmd: translateComputeKernel
  api=14 insize=7289 outsize=3561 ok=1
Cmd: compileComputeKernel
<<<<<<< HEAD
  api=15 insize=2285 outsize=4925 ok=1
=======
  api=15 insize=1484 outsize=5373 ok=1

Quitting shader compiler process
>>>>>>> 970d0e518495e292b3c55c29ca6812d5403c24fe
